<?xml version="1.0"?><coverage lines-covered="98" lines-valid="141" line-rate="0.6950354609929078" branches-covered="0" branches-valid="0" branch-rate="0" complexity="0" version="1.9" timestamp="1763228128"><sources><source>/home/philip/gitRepos/pmsh</source></sources><packages><package name="tests" line-rate="0" branch-rate="0" complexity="0"><classes></classes></package><package name="src" line-rate="0.6950354609929078" branch-rate="0" complexity="0"><classes><class name="builtins" filename="src/builtins.rs" line-rate="0.8181818181818182" branch-rate="0" complexity="0"><methods/><lines><line number="11" hits="1"/><line number="16" hits="1"/><line number="17" hits="1"/><line number="19" hits="2"/><line number="20" hits="1"/><line number="21" hits="1"/><line number="23" hits="1"/><line number="24" hits="2"/><line number="25" hits="2"/><line number="27" hits="1"/><line number="29" hits="2"/><line number="30" hits="1"/><line number="31" hits="0"/><line number="33" hits="2"/><line number="34" hits="4"/><line number="37" hits="4"/><line number="40" hits="5"/><line number="41" hits="1"/><line number="43" hits="0"/><line number="44" hits="0"/><line number="45" hits="0"/><line number="49" hits="2"/></lines></class><class name="executor" filename="src/executor.rs" line-rate="0.9090909090909091" branch-rate="0" complexity="0"><methods/><lines><line number="7" hits="1"/><line number="8" hits="1"/><line number="9" hits="0"/><line number="12" hits="2"/><line number="13" hits="1"/><line number="14" hits="1"/><line number="15" hits="1"/><line number="17" hits="2"/><line number="19" hits="1"/><line number="21" hits="1"/><line number="23" hits="1"/></lines></class><class name="history" filename="src/history.rs" line-rate="0.8181818181818182" branch-rate="0" complexity="0"><methods/><lines><line number="11" hits="6"/><line number="12" hits="6"/><line number="13" hits="5"/><line number="16" hits="6"/><line number="17" hits="12"/><line number="18" hits="6"/><line number="19" hits="3"/><line number="20" hits="6"/><line number="21" hits="6"/><line number="24" hits="1"/><line number="25" hits="1"/><line number="26" hits="1"/><line number="29" hits="0"/><line number="30" hits="0"/><line number="32" hits="0"/><line number="34" hits="0"/><line number="37" hits="1"/><line number="39" hits="2"/><line number="40" hits="2"/><line number="42" hits="1"/><line number="43" hits="4"/><line number="44" hits="5"/><line number="46" hits="1"/><line number="49" hits="1"/><line number="50" hits="1"/><line number="53" hits="2"/><line number="54" hits="1"/><line number="55" hits="1"/><line number="56" hits="2"/><line number="59" hits="2"/><line number="60" hits="1"/><line number="65" hits="0"/><line number="66" hits="0"/></lines></class><class name="main" filename="src/main.rs" line-rate="0" branch-rate="0" complexity="0"><methods/><lines><line number="16" hits="0"/><line number="18" hits="0"/><line number="19" hits="0"/><line number="20" hits="0"/><line number="24" hits="0"/><line number="27" hits="0"/><line number="32" hits="0"/><line number="33" hits="0"/><line number="34" hits="0"/><line number="35" hits="0"/><line number="36" hits="0"/><line number="37" hits="0"/><line number="41" hits="0"/><line number="42" hits="0"/><line number="46" hits="0"/><line number="49" hits="0"/></lines></class><class name="parser" filename="src/parser.rs" line-rate="0.9" branch-rate="0" complexity="0"><methods/><lines><line number="8" hits="3"/><line number="9" hits="3"/><line number="10" hits="3"/><line number="11" hits="2"/><line number="14" hits="1"/><line number="15" hits="2"/><line number="16" hits="0"/><line number="19" hits="2"/><line number="20" hits="4"/><line number="22" hits="1"/></lines></class><class name="path_utils" filename="src/path_utils.rs" line-rate="0.8" branch-rate="0" complexity="0"><methods/><lines><line number="3" hits="1"/><line number="4" hits="3"/><line number="5" hits="2"/><line number="7" hits="0"/><line number="12" hits="1"/><line number="13" hits="1"/><line number="14" hits="2"/><line number="15" hits="2"/><line number="17" hits="0"/><line number="20" hits="2"/></lines></class><class name="repl" filename="src/repl.rs" line-rate="0.5517241379310345" branch-rate="0" complexity="0"><methods/><lines><line number="25" hits="0"/><line number="26" hits="0"/><line number="30" hits="3"/><line number="36" hits="5"/><line number="37" hits="3"/><line number="39" hits="3"/><line number="40" hits="3"/><line number="41" hits="6"/><line number="43" hits="3"/><line number="44" hits="7"/><line number="45" hits="0"/><line number="46" hits="0"/><line number="47" hits="0"/><line number="48" hits="4"/><line number="49" hits="0"/><line number="50" hits="1"/><line number="51" hits="2"/><line number="54" hits="1"/><line number="57" hits="1"/><line number="61" hits="0"/><line number="62" hits="0"/><line number="63" hits="0"/><line number="65" hits="0"/><line number="66" hits="4"/><line number="67" hits="4"/><line number="69" hits="4"/><line number="70" hits="0"/><line number="72" hits="0"/><line number="74" hits="0"/></lines></class><class name="ui" filename="src/ui.rs" line-rate="1" branch-rate="0" complexity="0"><methods/><lines><line number="3" hits="3"/><line number="4" hits="3"/><line number="6" hits="15"/><line number="7" hits="3"/><line number="8" hits="6"/><line number="10" hits="6"/><line number="12" hits="6"/><line number="15" hits="1"/><line number="16" hits="1"/><line number="17" hits="2"/></lines></class></classes></package></packages></coverage>