TN:
SF:/home/philip/gitRepos/pmsh/src/builtins.rs
FN:11,handle_builtin
FNF:1
FNDA:1,handle_builtin
DA:11,1
DA:16,1
DA:17,1
DA:19,2
DA:20,1
DA:21,1
DA:23,1
DA:24,2
DA:25,2
DA:27,1
DA:29,2
DA:30,1
DA:31,0
DA:33,2
DA:34,4
DA:37,4
DA:40,5
DA:41,1
DA:43,0
DA:44,0
DA:45,0
DA:49,2
LF:22
LH:18
end_of_record
TN:
SF:/home/philip/gitRepos/pmsh/src/executor.rs
FN:7,Executor::execute
FNF:1
FNDA:1,Executor::execute
DA:7,1
DA:8,1
DA:9,0
DA:12,2
DA:13,1
DA:14,1
DA:15,1
DA:17,2
DA:19,1
DA:21,1
DA:23,1
LF:11
LH:10
end_of_record
TN:
SF:/home/philip/gitRepos/pmsh/src/history.rs
FN:11,HistoryManager::new
FN:16,HistoryManager::get_history_path
FN:24,HistoryManager::load
FN:37,HistoryManager::save
FN:49,HistoryManager::add_entry
FN:65,<impl Default for HistoryManager>::default
FNF:6
FNDA:6,HistoryManager::new
FNDA:6,HistoryManager::get_history_path
FNDA:1,HistoryManager::load
FNDA:1,HistoryManager::save
FNDA:1,HistoryManager::add_entry
FNDA:0,<impl Default for HistoryManager>::default
DA:11,6
DA:12,6
DA:13,5
DA:16,6
DA:17,12
DA:18,6
DA:19,3
DA:20,6
DA:21,6
DA:24,1
DA:25,1
DA:26,1
DA:29,0
DA:30,0
DA:32,0
DA:34,0
DA:37,1
DA:39,2
DA:40,2
DA:42,1
DA:43,4
DA:44,5
DA:46,1
DA:49,1
DA:50,1
DA:53,2
DA:54,1
DA:55,1
DA:56,2
DA:59,2
DA:60,1
DA:65,0
DA:66,0
LF:33
LH:27
end_of_record
TN:
SF:/home/philip/gitRepos/pmsh/src/main.rs
FN:16,main
FN:32,main::<impl LineEditor for RustyEditor>::readline
FN:41,main::<impl LineEditor for RustyEditor>::add_history_entry
FNF:3
FNDA:0,main
FNDA:0,main::<impl LineEditor for RustyEditor>::readline
FNDA:0,main::<impl LineEditor for RustyEditor>::add_history_entry
DA:16,0
DA:18,0
DA:19,0
DA:20,0
DA:24,0
DA:27,0
DA:32,0
DA:33,0
DA:34,0
DA:35,0
DA:36,0
DA:37,0
DA:41,0
DA:42,0
DA:46,0
DA:49,0
LF:16
LH:0
end_of_record
TN:
SF:/home/philip/gitRepos/pmsh/src/parser.rs
FN:8,Command::parse
FNF:1
FNDA:3,Command::parse
DA:8,3
DA:9,3
DA:10,3
DA:11,2
DA:14,1
DA:15,2
DA:16,0
DA:19,2
DA:20,4
DA:22,1
LF:10
LH:9
end_of_record
TN:
SF:/home/philip/gitRepos/pmsh/src/path_utils.rs
FN:3,expand_home
FN:12,collapse_tilde
FNF:2
FNDA:1,expand_home
FNDA:1,collapse_tilde
DA:3,1
DA:4,3
DA:5,2
DA:7,0
DA:12,1
DA:13,1
DA:14,2
DA:15,2
DA:17,0
DA:20,2
LF:10
LH:8
end_of_record
TN:
SF:/home/philip/gitRepos/pmsh/src/repl.rs
FN:25,<impl ExecutorTrait for RealExecutor>::execute
FN:30,run_repl
FNF:2
FNDA:0,<impl ExecutorTrait for RealExecutor>::execute
FNDA:3,run_repl
DA:25,0
DA:26,0
DA:30,3
DA:36,5
DA:37,3
DA:39,3
DA:40,3
DA:41,6
DA:43,3
DA:44,7
DA:45,0
DA:46,0
DA:47,0
DA:48,4
DA:49,0
DA:50,1
DA:51,2
DA:54,1
DA:57,1
DA:61,0
DA:62,0
DA:63,0
DA:65,0
DA:66,4
DA:67,4
DA:69,4
DA:70,0
DA:72,0
DA:74,0
LF:29
LH:16
end_of_record
TN:
SF:/home/philip/gitRepos/pmsh/src/ui.rs
FN:3,format_prompt
FN:15,format_prompt_with
FNF:2
FNDA:3,format_prompt
FNDA:1,format_prompt_with
DA:3,3
DA:4,3
DA:6,15
DA:7,3
DA:8,6
DA:10,6
DA:12,6
DA:15,1
DA:16,1
DA:17,2
LF:10
LH:10
end_of_record
